<?xml version="1.0" encoding="UTF-8"?>
<testng-results skipped="0" failed="0" ignored="0" total="1" passed="1">
  <reporter-output>
  </reporter-output>
  <suite name="Default suite" duration-ms="4873" started-at="2020-08-19T10:46:46Z" finished-at="2020-08-19T10:46:51Z">
    <groups>
    </groups>
    <test name="Default test" duration-ms="4873" started-at="2020-08-19T10:46:46Z" finished-at="2020-08-19T10:46:51Z">
      <class name="test.Sample.ZestAssignment">
        <test-method status="PASS" signature="main()[pri:1, instance:test.Sample.ZestAssignment@56235b8e]" name="main" duration-ms="4853" started-at="2020-08-19T16:16:46Z" finished-at="2020-08-19T16:16:51Z">
          <reporter-output>
          </reporter-output>
        </test-method> <!-- main -->
      </class> <!-- test.Sample.ZestAssignment -->
    </test> <!-- Default test -->
  </suite> <!-- Default suite -->
</testng-results>
